Determining if the pthread_create exist failed with the following output:
Change Dir: /root/rplidar_ws/build_isolated/rplidar_ros/CMakeFiles/CMakeTmp

Run Build Command:"/usr/bin/make" "cmTC_cdf41/fast"
/usr/bin/make -f CMakeFiles/cmTC_cdf41.dir/build.make CMakeFiles/cmTC_cdf41.dir/build
make[1]: Entering directory '/root/rplidar_ws/build_isolated/rplidar_ros/CMakeFiles/CMakeTmp'
Building C object CMakeFiles/cmTC_cdf41.dir/CheckSymbolExists.c.o
/usr/bin/cc    -o CMakeFiles/cmTC_cdf41.dir/CheckSymbolExists.c.o   -c /root/rplidar_ws/build_isolated/rplidar_ros/CMakeFiles/CMakeTmp/CheckSymbolExists.c
Linking C executable cmTC_cdf41
/usr/bin/cmake -E cmake_link_script CMakeFiles/cmTC_cdf41.dir/link.txt --verbose=1
/usr/bin/cc      -rdynamic CMakeFiles/cmTC_cdf41.dir/CheckSymbolExists.c.o  -o cmTC_cdf41 
CMakeFiles/cmTC_cdf41.dir/CheckSymbolExists.c.o: In function `main':
CheckSymbolExists.c:(.text+0x1b): undefined reference to `pthread_create'
collect2: error: ld returned 1 exit status
CMakeFiles/cmTC_cdf41.dir/build.make:97: recipe for target 'cmTC_cdf41' failed
make[1]: *** [cmTC_cdf41] Error 1
make[1]: Leaving directory '/root/rplidar_ws/build_isolated/rplidar_ros/CMakeFiles/CMakeTmp'
Makefile:126: recipe for target 'cmTC_cdf41/fast' failed
make: *** [cmTC_cdf41/fast] Error 2

File /root/rplidar_ws/build_isolated/rplidar_ros/CMakeFiles/CMakeTmp/CheckSymbolExists.c:
/* */
#include <pthread.h>

int main(int argc, char** argv)
{
  (void)argv;
#ifndef pthread_create
  return ((int*)(&pthread_create))[argc];
#else
  (void)argc;
  return 0;
#endif
}

Determining if the function pthread_create exists in the pthreads failed with the following output:
Change Dir: /root/rplidar_ws/build_isolated/rplidar_ros/CMakeFiles/CMakeTmp

Run Build Command:"/usr/bin/make" "cmTC_73a20/fast"
/usr/bin/make -f CMakeFiles/cmTC_73a20.dir/build.make CMakeFiles/cmTC_73a20.dir/build
make[1]: Entering directory '/root/rplidar_ws/build_isolated/rplidar_ros/CMakeFiles/CMakeTmp'
Building C object CMakeFiles/cmTC_73a20.dir/CheckFunctionExists.c.o
/usr/bin/cc   -DCHECK_FUNCTION_EXISTS=pthread_create   -o CMakeFiles/cmTC_73a20.dir/CheckFunctionExists.c.o   -c /usr/share/cmake-3.10/Modules/CheckFunctionExists.c
Linking C executable cmTC_73a20
/usr/bin/cmake -E cmake_link_script CMakeFiles/cmTC_73a20.dir/link.txt --verbose=1
/usr/bin/cc  -DCHECK_FUNCTION_EXISTS=pthread_create    -rdynamic CMakeFiles/cmTC_73a20.dir/CheckFunctionExists.c.o  -o cmTC_73a20 -lpthreads 
/usr/bin/ld: cannot find -lpthreads
collect2: error: ld returned 1 exit status
CMakeFiles/cmTC_73a20.dir/build.make:97: recipe for target 'cmTC_73a20' failed
make[1]: *** [cmTC_73a20] Error 1
make[1]: Leaving directory '/root/rplidar_ws/build_isolated/rplidar_ros/CMakeFiles/CMakeTmp'
Makefile:126: recipe for target 'cmTC_73a20/fast' failed
make: *** [cmTC_73a20/fast] Error 2


