Determining if the pthread_create exist failed with the following output:
Change Dir: /root/rplidar_ws/build_isolated/cartographer_ros/CMakeFiles/CMakeTmp

Run Build Command:"/usr/bin/make" "cmTC_94da3/fast"
/usr/bin/make -f CMakeFiles/cmTC_94da3.dir/build.make CMakeFiles/cmTC_94da3.dir/build
make[1]: Entering directory '/root/rplidar_ws/build_isolated/cartographer_ros/CMakeFiles/CMakeTmp'
Building C object CMakeFiles/cmTC_94da3.dir/CheckSymbolExists.c.o
/usr/bin/cc    -o CMakeFiles/cmTC_94da3.dir/CheckSymbolExists.c.o   -c /root/rplidar_ws/build_isolated/cartographer_ros/CMakeFiles/CMakeTmp/CheckSymbolExists.c
Linking C executable cmTC_94da3
/usr/bin/cmake -E cmake_link_script CMakeFiles/cmTC_94da3.dir/link.txt --verbose=1
/usr/bin/cc      -rdynamic CMakeFiles/cmTC_94da3.dir/CheckSymbolExists.c.o  -o cmTC_94da3 
CMakeFiles/cmTC_94da3.dir/CheckSymbolExists.c.o: In function `main':
CheckSymbolExists.c:(.text+0x1b): undefined reference to `pthread_create'
collect2: error: ld returned 1 exit status
CMakeFiles/cmTC_94da3.dir/build.make:97: recipe for target 'cmTC_94da3' failed
make[1]: *** [cmTC_94da3] Error 1
make[1]: Leaving directory '/root/rplidar_ws/build_isolated/cartographer_ros/CMakeFiles/CMakeTmp'
Makefile:126: recipe for target 'cmTC_94da3/fast' failed
make: *** [cmTC_94da3/fast] Error 2

File /root/rplidar_ws/build_isolated/cartographer_ros/CMakeFiles/CMakeTmp/CheckSymbolExists.c:
/* */
#include <pthread.h>

int main(int argc, char** argv)
{
  (void)argv;
#ifndef pthread_create
  return ((int*)(&pthread_create))[argc];
#else
  (void)argc;
  return 0;
#endif
}

Determining if the function pthread_create exists in the pthreads failed with the following output:
Change Dir: /root/rplidar_ws/build_isolated/cartographer_ros/CMakeFiles/CMakeTmp

Run Build Command:"/usr/bin/make" "cmTC_fcfde/fast"
/usr/bin/make -f CMakeFiles/cmTC_fcfde.dir/build.make CMakeFiles/cmTC_fcfde.dir/build
make[1]: Entering directory '/root/rplidar_ws/build_isolated/cartographer_ros/CMakeFiles/CMakeTmp'
Building C object CMakeFiles/cmTC_fcfde.dir/CheckFunctionExists.c.o
/usr/bin/cc   -DCHECK_FUNCTION_EXISTS=pthread_create   -o CMakeFiles/cmTC_fcfde.dir/CheckFunctionExists.c.o   -c /usr/share/cmake-3.10/Modules/CheckFunctionExists.c
Linking C executable cmTC_fcfde
/usr/bin/cmake -E cmake_link_script CMakeFiles/cmTC_fcfde.dir/link.txt --verbose=1
/usr/bin/cc  -DCHECK_FUNCTION_EXISTS=pthread_create    -rdynamic CMakeFiles/cmTC_fcfde.dir/CheckFunctionExists.c.o  -o cmTC_fcfde -lpthreads 
/usr/bin/ld: cannot find -lpthreads
collect2: error: ld returned 1 exit status
CMakeFiles/cmTC_fcfde.dir/build.make:97: recipe for target 'cmTC_fcfde' failed
make[1]: *** [cmTC_fcfde] Error 1
make[1]: Leaving directory '/root/rplidar_ws/build_isolated/cartographer_ros/CMakeFiles/CMakeTmp'
Makefile:126: recipe for target 'cmTC_fcfde/fast' failed
make: *** [cmTC_fcfde/fast] Error 2


