Determining if the pthread_create exist failed with the following output:
Change Dir: /root/rplidar_ws/build_isolated/cartographer_rviz/CMakeFiles/CMakeTmp

Run Build Command:"/usr/bin/make" "cmTC_6dcec/fast"
/usr/bin/make -f CMakeFiles/cmTC_6dcec.dir/build.make CMakeFiles/cmTC_6dcec.dir/build
make[1]: Entering directory '/root/rplidar_ws/build_isolated/cartographer_rviz/CMakeFiles/CMakeTmp'
Building C object CMakeFiles/cmTC_6dcec.dir/CheckSymbolExists.c.o
/usr/bin/cc    -o CMakeFiles/cmTC_6dcec.dir/CheckSymbolExists.c.o   -c /root/rplidar_ws/build_isolated/cartographer_rviz/CMakeFiles/CMakeTmp/CheckSymbolExists.c
Linking C executable cmTC_6dcec
/usr/bin/cmake -E cmake_link_script CMakeFiles/cmTC_6dcec.dir/link.txt --verbose=1
/usr/bin/cc      -rdynamic CMakeFiles/cmTC_6dcec.dir/CheckSymbolExists.c.o  -o cmTC_6dcec 
CMakeFiles/cmTC_6dcec.dir/CheckSymbolExists.c.o: In function `main':
CheckSymbolExists.c:(.text+0x1b): undefined reference to `pthread_create'
collect2: error: ld returned 1 exit status
CMakeFiles/cmTC_6dcec.dir/build.make:97: recipe for target 'cmTC_6dcec' failed
make[1]: *** [cmTC_6dcec] Error 1
make[1]: Leaving directory '/root/rplidar_ws/build_isolated/cartographer_rviz/CMakeFiles/CMakeTmp'
Makefile:126: recipe for target 'cmTC_6dcec/fast' failed
make: *** [cmTC_6dcec/fast] Error 2

File /root/rplidar_ws/build_isolated/cartographer_rviz/CMakeFiles/CMakeTmp/CheckSymbolExists.c:
/* */
#include <pthread.h>

int main(int argc, char** argv)
{
  (void)argv;
#ifndef pthread_create
  return ((int*)(&pthread_create))[argc];
#else
  (void)argc;
  return 0;
#endif
}

Determining if the function pthread_create exists in the pthreads failed with the following output:
Change Dir: /root/rplidar_ws/build_isolated/cartographer_rviz/CMakeFiles/CMakeTmp

Run Build Command:"/usr/bin/make" "cmTC_aee9c/fast"
/usr/bin/make -f CMakeFiles/cmTC_aee9c.dir/build.make CMakeFiles/cmTC_aee9c.dir/build
make[1]: Entering directory '/root/rplidar_ws/build_isolated/cartographer_rviz/CMakeFiles/CMakeTmp'
Building C object CMakeFiles/cmTC_aee9c.dir/CheckFunctionExists.c.o
/usr/bin/cc   -DCHECK_FUNCTION_EXISTS=pthread_create   -o CMakeFiles/cmTC_aee9c.dir/CheckFunctionExists.c.o   -c /usr/share/cmake-3.10/Modules/CheckFunctionExists.c
Linking C executable cmTC_aee9c
/usr/bin/cmake -E cmake_link_script CMakeFiles/cmTC_aee9c.dir/link.txt --verbose=1
/usr/bin/cc  -DCHECK_FUNCTION_EXISTS=pthread_create    -rdynamic CMakeFiles/cmTC_aee9c.dir/CheckFunctionExists.c.o  -o cmTC_aee9c -lpthreads 
/usr/bin/ld: cannot find -lpthreads
collect2: error: ld returned 1 exit status
CMakeFiles/cmTC_aee9c.dir/build.make:97: recipe for target 'cmTC_aee9c' failed
make[1]: *** [cmTC_aee9c] Error 1
make[1]: Leaving directory '/root/rplidar_ws/build_isolated/cartographer_rviz/CMakeFiles/CMakeTmp'
Makefile:126: recipe for target 'cmTC_aee9c/fast' failed
make: *** [cmTC_aee9c/fast] Error 2


